Arguments: 
  /usr/bin/node /usr/share/yarn/bin/yarn.js install webpack-cli --dev

PATH: 
  /usr/local/bin:/usr/bin:/bin:/usr/local/games:/usr/games

Yarn version: 
  1.5.1

Node version: 
  8.11.1

Platform: 
  linux x64

npm manifest: 
  {
    "name": "clinkcapital",
    "version": "1.0.0",
    "description": "ClinkCapital - Landing Page",
    "main": "index.js",
    "repository": "git@github.com:ClinkCapital/clinkcapital-LandingPage.git",
    "author": "Ramsés Martínez Ortiz <ramses.mtz96@gmail.com>",
    "license": "MIT"
  }

yarn manifest: 
  No manifest

Lockfile: 
  No lockfile

Trace: 
  Error: `install` has been replaced with `add` to add new dependencies. Run "yarn add webpack-cli" instead.
      at new MessageError (/usr/share/yarn/lib/cli.js:186:110)
      at Object.<anonymous> (/usr/share/yarn/lib/cli.js:21987:13)
      at Generator.next (<anonymous>)
      at step (/usr/share/yarn/lib/cli.js:98:30)
      at /usr/share/yarn/lib/cli.js:109:13
      at <anonymous>
